TN:
SF:src\Icon.vue
FN:17,(anonymous_0)
FNF:1
FNH:1
FNDA:48,(anonymous_0)
DA:18,48
LF:1
LH:1
BRF:0
BRH:0
end_of_record
TN:
SF:src\Input.vue
FN:39,(anonymous_0)
FN:74,(anonymous_1)
FN:77,(anonymous_2)
FN:80,(anonymous_3)
FN:84,(anonymous_4)
FN:88,(anonymous_5)
FN:95,(anonymous_6)
FN:98,(anonymous_7)
FN:102,(anonymous_8)
FNF:9
FNH:9
FNDA:10,(anonymous_0)
FNDA:1,(anonymous_1)
FNDA:1,(anonymous_2)
FNDA:1,(anonymous_3)
FNDA:1,(anonymous_4)
FNDA:1,(anonymous_5)
FNDA:10,(anonymous_6)
FNDA:1,(anonymous_7)
FNDA:10,(anonymous_8)
DA:40,10
DA:75,1
DA:78,1
DA:81,1
DA:82,1
DA:85,1
DA:86,1
DA:89,1
DA:90,1
DA:91,1
DA:96,10
DA:99,1
LF:12
LH:12
BRDA:96,0,0,10
BRDA:96,0,1,1
BRDA:96,0,2,1
BRDA:99,1,0,1
BRDA:99,1,1,0
BRDA:99,1,2,0
BRF:6
BRH:4
end_of_record
TN:
SF:src\Popover.vue
FN:27,(anonymous_0)
FN:43,(anonymous_1)
FN:50,(anonymous_2)
FN:57,(anonymous_3)
FN:60,(anonymous_4)
FN:92,(anonymous_5)
FN:99,(anonymous_6)
FN:104,(anonymous_7)
FN:106,(anonymous_8)
FN:112,(anonymous_9)
FN:116,(anonymous_10)
FN:121,(anonymous_11)
FN:147,(anonymous_12)
FN:174,(anonymous_13)
FN:182,(anonymous_14)
FN:185,(anonymous_15)
FN:192,(anonymous_16)
FN:198,(anonymous_17)
FNF:18
FNH:16
FNDA:4,(anonymous_0)
FNDA:4,(anonymous_1)
FNDA:4,(anonymous_2)
FNDA:3,(anonymous_3)
FNDA:3,(anonymous_4)
FNDA:1,(anonymous_5)
FNDA:0,(anonymous_6)
FNDA:2,(anonymous_7)
FNDA:2,(anonymous_8)
FNDA:3,(anonymous_9)
FNDA:3,(anonymous_10)
FNDA:4,(anonymous_11)
FNDA:4,(anonymous_12)
FNDA:6,(anonymous_13)
FNDA:0,(anonymous_14)
FNDA:3,(anonymous_15)
FNDA:4,(anonymous_16)
FNDA:4,(anonymous_17)
DA:28,4
DA:44,4
DA:51,4
DA:59,3
DA:60,3
DA:61,3
DA:62,3
DA:70,3
DA:74,3
DA:76,3
DA:77,3
DA:78,3
DA:83,0
DA:84,0
DA:93,1
DA:94,1
DA:96,0
DA:100,0
DA:101,0
DA:105,2
DA:106,2
DA:108,2
DA:113,3
DA:114,3
DA:115,3
DA:116,3
DA:117,3
DA:122,4
DA:123,3
DA:128,1
DA:132,1
DA:137,1
DA:141,1
DA:148,4
DA:149,3
DA:154,1
DA:158,1
DA:162,1
DA:166,1
DA:175,6
DA:183,0
DA:186,3
DA:187,3
DA:188,2
DA:189,1
DA:193,4
DA:194,1
DA:196,4
DA:199,4
LF:49
LH:43
BRDA:76,0,0,3
BRDA:76,0,1,0
BRDA:81,1,0,3
BRDA:81,1,1,0
BRDA:87,2,0,0
BRDA:87,2,1,0
BRDA:93,3,0,1
BRDA:93,3,1,0
BRDA:122,4,0,3
BRDA:122,4,1,1
BRDA:148,5,0,3
BRDA:148,5,1,1
BRDA:187,6,0,2
BRDA:187,6,1,1
BRDA:193,7,0,1
BRDA:193,7,1,3
BRF:16
BRH:11
end_of_record
TN:
SF:src\Toast.vue
FN:24,(anonymous_0)
FN:46,(anonymous_1)
FN:50,(anonymous_2)
FN:61,(anonymous_3)
FN:67,(anonymous_4)
FN:79,(anonymous_5)
FN:86,(anonymous_6)
FN:95,(anonymous_7)
FN:98,(anonymous_8)
FN:99,(anonymous_9)
FN:104,(anonymous_10)
FN:108,(anonymous_11)
FNF:12
FNH:12
FNDA:7,(anonymous_0)
FNDA:6,(anonymous_1)
FNDA:1,(anonymous_2)
FNDA:7,(anonymous_3)
FNDA:7,(anonymous_4)
FNDA:7,(anonymous_5)
FNDA:2,(anonymous_6)
FNDA:1,(anonymous_7)
FNDA:6,(anonymous_8)
FNDA:1,(anonymous_9)
FNDA:7,(anonymous_10)
FNDA:6,(anonymous_11)
DA:25,7
DA:47,6
DA:62,7
DA:68,7
DA:69,7
DA:73,0
DA:80,7
DA:81,7
DA:82,0
DA:87,2
DA:89,2
DA:91,2
DA:92,2
DA:93,2
DA:96,1
DA:99,6
DA:100,1
DA:105,7
DA:106,6
DA:108,6
DA:109,6
LF:21
LH:19
BRDA:68,0,0,7
BRDA:68,0,1,0
BRDA:80,1,0,7
BRDA:80,1,1,0
BRDA:87,2,0,2
BRDA:87,2,1,0
BRDA:105,3,0,6
BRDA:105,3,1,1
BRF:8
BRH:5
end_of_record
TN:
SF:src\click-outside.js
FN:2,(anonymous_0)
FN:3,(anonymous_1)
FN:15,(anonymous_2)
FN:20,(anonymous_3)
FNF:4
FNH:3
FNDA:4,(anonymous_0)
FNDA:0,(anonymous_1)
FNDA:6,(anonymous_2)
FNDA:7,(anonymous_3)
DA:1,1
DA:2,1
DA:3,4
DA:4,0
DA:5,0
DA:7,0
DA:13,1
DA:15,1
DA:16,6
DA:21,7
LF:10
LH:7
BRDA:4,0,0,0
BRDA:4,0,1,0
BRDA:4,1,0,0
BRDA:4,1,1,0
BRF:4
BRH:0
end_of_record
TN:
SF:src\svg.js
FN:1,(anonymous_0)
FN:24,m
FN:27,(anonymous_2)
FN:50,(anonymous_3)
FN:58,(anonymous_4)
FN:66,(anonymous_5)
FNF:6
FNH:3
FNDA:6,(anonymous_0)
FNDA:0,m
FNDA:6,(anonymous_2)
FNDA:6,(anonymous_3)
FNDA:0,(anonymous_4)
FNDA:0,(anonymous_5)
DA:1,6
DA:10,6
DA:11,6
DA:14,6
DA:15,0
DA:16,0
DA:17,0
DA:21,0
DA:25,0
DA:27,6
DA:33,6
DA:34,6
DA:51,6
DA:59,0
DA:60,0
DA:62,0
DA:64,0
DA:67,0
LF:18
LH:8
BRDA:14,0,0,0
BRDA:14,0,1,6
BRDA:14,1,0,6
BRDA:14,1,1,0
BRDA:21,2,0,0
BRDA:21,2,1,0
BRDA:25,3,0,0
BRDA:25,3,1,0
BRDA:36,4,0,6
BRDA:36,4,1,6
BRDA:43,5,0,6
BRDA:43,5,1,0
BRDA:47,6,0,6
BRDA:47,6,1,0
BRDA:48,7,0,0
BRDA:48,7,1,6
BRDA:54,8,0,0
BRDA:54,8,1,0
BRDA:67,9,0,0
BRDA:67,9,1,0
BRF:20
BRH:7
end_of_record
TN:
SF:src\Button\Button.vue
FN:16,(anonymous_0)
FN:29,(anonymous_1)
FN:44,(anonymous_2)
FN:54,(anonymous_3)
FNF:4
FNH:4
FNDA:5,(anonymous_0)
FNDA:5,(anonymous_1)
FNDA:5,(anonymous_2)
FNDA:5,(anonymous_3)
DA:17,5
DA:30,5
DA:45,5
DA:55,5
DA:56,5
LF:5
LH:5
BRDA:30,0,0,5
BRDA:30,0,1,1
BRF:2
BRH:2
end_of_record
TN:
SF:src\Collapse\Collapse.vue
FN:19,(anonymous_0)
FN:26,(anonymous_1)
FN:32,(anonymous_2)
FN:38,(anonymous_3)
FN:43,(anonymous_4)
FN:48,(anonymous_5)
FN:53,(anonymous_6)
FN:60,(anonymous_7)
FN:64,(anonymous_8)
FN:67,(anonymous_9)
FN:71,(anonymous_10)
FN:74,(anonymous_11)
FN:79,(anonymous_12)
FNF:13
FNH:9
FNDA:0,(anonymous_0)
FNDA:3,(anonymous_1)
FNDA:3,(anonymous_2)
FNDA:3,(anonymous_3)
FNDA:1,(anonymous_4)
FNDA:1,(anonymous_5)
FNDA:0,(anonymous_6)
FNDA:3,(anonymous_7)
FNDA:1,(anonymous_8)
FNDA:0,(anonymous_9)
FNDA:1,(anonymous_10)
FNDA:0,(anonymous_11)
FNDA:3,(anonymous_12)
DA:19,0
DA:27,3
DA:33,3
DA:39,3
DA:40,0
DA:44,1
DA:45,1
DA:46,1
DA:49,1
DA:50,1
DA:51,1
DA:54,0
DA:55,0
DA:56,0
DA:57,0
DA:61,3
DA:62,3
DA:63,3
DA:64,1
DA:65,1
DA:67,1
DA:68,0
DA:71,2
DA:72,1
DA:74,2
DA:75,0
DA:80,3
LF:27
LH:19
BRDA:39,0,0,0
BRDA:39,0,1,3
BRDA:39,1,0,3
BRDA:39,1,1,0
BRDA:44,2,0,0
BRDA:44,2,1,1
BRDA:63,3,0,1
BRDA:63,3,1,2
BRF:8
BRH:5
end_of_record
TN:
SF:src\Collapse\CollapseItem.vue
FN:25,(anonymous_0)
FN:44,(anonymous_1)
FN:53,(anonymous_2)
FN:57,(anonymous_3)
FN:58,(anonymous_4)
FN:62,(anonymous_5)
FNF:6
FNH:6
FNDA:9,(anonymous_0)
FNDA:2,(anonymous_1)
FNDA:14,(anonymous_2)
FNDA:9,(anonymous_3)
FNDA:15,(anonymous_4)
FNDA:9,(anonymous_5)
DA:26,9
DA:45,2
DA:46,0
DA:48,2
DA:54,14
DA:58,9
DA:59,15
DA:63,9
LF:8
LH:7
BRDA:45,0,0,0
BRDA:45,0,1,2
BRF:2
BRH:1
end_of_record
TN:
SF:src\Grid\Col.vue
FN:8,(anonymous_0)
FN:10,(anonymous_1)
FN:14,(anonymous_2)
FN:28,(anonymous_3)
FN:33,(anonymous_4)
FN:38,(anonymous_5)
FN:43,(anonymous_6)
FN:48,(anonymous_7)
FN:53,(anonymous_8)
FN:59,(anonymous_9)
FN:67,(anonymous_10)
FNF:11
FNH:11
FNDA:6,(anonymous_0)
FNDA:12,(anonymous_1)
FNDA:9,(anonymous_2)
FNDA:8,(anonymous_3)
FNDA:8,(anonymous_4)
FNDA:8,(anonymous_5)
FNDA:8,(anonymous_6)
FNDA:8,(anonymous_7)
FNDA:8,(anonymous_8)
FNDA:63,(anonymous_9)
FNDA:9,(anonymous_10)
DA:8,2
DA:9,6
DA:10,12
DA:15,9
DA:60,63
DA:61,63
DA:62,63
DA:63,63
DA:68,9
DA:69,9
LF:10
LH:10
BRDA:10,0,0,12
BRDA:10,0,1,6
BRDA:61,1,0,63
BRDA:61,1,1,15
BRDA:62,2,0,63
BRDA:62,2,1,7
BRF:6
BRH:6
end_of_record
TN:
SF:src\Grid\Row.vue
FN:10,(anonymous_0)
FN:19,(anonymous_1)
FN:27,(anonymous_2)
FN:33,(anonymous_3)
FN:37,(anonymous_4)
FN:39,(anonymous_5)
FNF:6
FNH:6
FNDA:2,(anonymous_0)
FNDA:1,(anonymous_1)
FNDA:2,(anonymous_2)
FNDA:2,(anonymous_3)
FNDA:2,(anonymous_4)
FNDA:1,(anonymous_5)
DA:11,2
DA:20,1
DA:28,2
DA:34,2
DA:38,2
DA:39,1
DA:40,1
DA:41,1
LF:8
LH:8
BRDA:34,0,0,2
BRDA:34,0,1,1
BRDA:38,1,0,1
BRDA:38,1,1,1
BRF:4
BRH:4
end_of_record
TN:
SF:src\Layout\Sider.vue
FN:27,(anonymous_0)
FN:62,(anonymous_1)
FN:69,(anonymous_2)
FN:72,(anonymous_3)
FN:77,(anonymous_4)
FN:81,(anonymous_5)
FN:86,(anonymous_6)
FNF:7
FNH:6
FNDA:6,(anonymous_0)
FNDA:1,(anonymous_1)
FNDA:6,(anonymous_2)
FNDA:6,(anonymous_3)
FNDA:1,(anonymous_4)
FNDA:3,(anonymous_5)
FNDA:0,(anonymous_6)
DA:28,6
DA:63,1
DA:64,1
DA:65,1
DA:70,6
DA:73,6
DA:78,1
DA:79,0
DA:82,3
DA:87,0
DA:88,0
LF:11
LH:8
BRDA:30,0,0,2
BRDA:30,0,1,4
BRDA:78,1,0,1
BRDA:78,1,1,0
BRDA:82,2,0,0
BRDA:82,2,1,3
BRF:6
BRH:4
end_of_record
TN:
SF:src\Menu\Menu.vue
FN:14,(anonymous_0)
FN:21,(anonymous_1)
FN:37,(anonymous_2)
FN:49,(anonymous_3)
FN:52,(anonymous_4)
FN:53,(anonymous_5)
FN:60,(anonymous_6)
FN:65,(anonymous_7)
FN:68,(anonymous_8)
FN:69,(anonymous_9)
FN:74,(anonymous_10)
FN:76,(anonymous_11)
FN:87,(anonymous_12)
FN:102,(anonymous_13)
FN:114,(anonymous_14)
FN:118,(anonymous_15)
FN:120,(anonymous_16)
FNF:17
FNH:14
FNDA:7,(anonymous_0)
FNDA:7,(anonymous_1)
FNDA:7,(anonymous_2)
FNDA:0,(anonymous_3)
FNDA:0,(anonymous_4)
FNDA:0,(anonymous_5)
FNDA:28,(anonymous_6)
FNDA:7,(anonymous_7)
FNDA:1,(anonymous_8)
FNDA:1,(anonymous_9)
FNDA:4,(anonymous_10)
FNDA:4,(anonymous_11)
FNDA:1,(anonymous_12)
FNDA:3,(anonymous_13)
FNDA:7,(anonymous_14)
FNDA:6,(anonymous_15)
FNDA:24,(anonymous_16)
DA:15,7
DA:22,7
DA:37,7
DA:50,0
DA:53,0
DA:54,0
DA:61,28
DA:62,28
DA:63,28
DA:66,7
DA:69,1
DA:70,1
DA:75,4
DA:76,4
DA:77,4
DA:78,4
DA:79,0
DA:81,4
DA:83,0
DA:85,4
DA:88,1
DA:89,1
DA:90,1
DA:92,1
DA:93,1
DA:95,1
DA:96,0
DA:98,1
DA:99,1
DA:103,3
DA:104,3
DA:106,2
DA:109,1
DA:115,7
DA:120,6
DA:121,24
LF:36
LH:30
BRDA:18,0,0,7
BRDA:18,0,1,6
BRDA:78,1,0,0
BRDA:78,1,1,4
BRDA:92,2,0,1
BRDA:92,2,1,0
BRDA:95,3,0,0
BRDA:95,3,1,1
BRDA:104,4,0,2
BRDA:104,4,1,1
BRDA:115,5,0,2
BRDA:115,5,1,5
BRF:12
BRH:9
end_of_record
TN:
SF:src\Menu\MenuItem.vue
FN:16,(anonymous_0)
FN:27,(anonymous_1)
FN:32,(anonymous_2)
FN:36,(anonymous_3)
FNF:4
FNH:4
FNDA:28,(anonymous_0)
FNDA:1,(anonymous_1)
FNDA:40,(anonymous_2)
FNDA:28,(anonymous_3)
DA:17,28
DA:28,1
DA:33,40
DA:38,28
LF:4
LH:4
BRF:0
BRH:0
end_of_record
TN:
SF:src\Menu\Submenu.vue
FN:58,(anonymous_0)
FN:76,(anonymous_1)
FN:81,(anonymous_2)
FN:89,(anonymous_3)
FN:93,(anonymous_4)
FN:99,(anonymous_5)
FN:102,(anonymous_6)
FN:108,(anonymous_7)
FN:113,(anonymous_8)
FN:119,(anonymous_9)
FN:122,(anonymous_10)
FN:126,(anonymous_11)
FN:132,(anonymous_12)
FN:136,(anonymous_13)
FN:139,(anonymous_14)
FN:144,(anonymous_15)
FN:148,(anonymous_16)
FN:153,(anonymous_17)
FN:161,(anonymous_18)
FN:163,(anonymous_19)
FN:165,(anonymous_20)
FN:171,(anonymous_21)
FN:176,(anonymous_22)
FN:180,(anonymous_23)
FN:183,(anonymous_24)
FN:186,(anonymous_25)
FNF:26
FNH:16
FNDA:7,(anonymous_0)
FNDA:3,(anonymous_1)
FNDA:3,(anonymous_2)
FNDA:1,(anonymous_3)
FNDA:1,(anonymous_4)
FNDA:0,(anonymous_5)
FNDA:0,(anonymous_6)
FNDA:0,(anonymous_7)
FNDA:1,(anonymous_8)
FNDA:3,(anonymous_9)
FNDA:1,(anonymous_10)
FNDA:0,(anonymous_11)
FNDA:0,(anonymous_12)
FNDA:0,(anonymous_13)
FNDA:0,(anonymous_14)
FNDA:0,(anonymous_15)
FNDA:0,(anonymous_16)
FNDA:7,(anonymous_17)
FNDA:10,(anonymous_18)
FNDA:9,(anonymous_19)
FNDA:11,(anonymous_20)
FNDA:7,(anonymous_21)
FNDA:0,(anonymous_22)
FNDA:7,(anonymous_23)
FNDA:7,(anonymous_24)
FNDA:6,(anonymous_25)
DA:59,7
DA:77,3
DA:82,3
DA:83,3
DA:84,1
DA:85,2
DA:90,1
DA:92,1
DA:93,1
DA:94,1
DA:100,0
DA:101,0
DA:102,0
DA:103,0
DA:109,0
DA:110,0
DA:114,1
DA:115,0
DA:116,0
DA:120,3
DA:123,1
DA:127,0
DA:128,0
DA:129,0
DA:130,0
DA:131,0
DA:132,0
DA:133,0
DA:137,0
DA:140,0
DA:141,0
DA:142,0
DA:143,0
DA:144,0
DA:145,0
DA:149,0
DA:155,7
DA:156,0
DA:158,7
DA:163,10
DA:166,11
DA:172,7
DA:177,0
DA:181,7
DA:184,7
DA:187,6
LF:46
LH:21
BRDA:82,0,0,3
BRDA:82,0,1,0
BRDA:83,1,0,1
BRDA:83,1,1,2
BRDA:90,2,0,1
BRDA:90,2,1,0
BRDA:100,3,0,0
BRDA:100,3,1,0
BRDA:109,4,0,0
BRDA:109,4,1,0
BRDA:114,5,0,0
BRDA:114,5,1,1
BRDA:155,6,0,0
BRDA:155,6,1,7
BRDA:155,7,0,7
BRDA:155,7,1,0
BRDA:163,8,0,9
BRDA:163,8,1,9
BRDA:172,9,0,2
BRDA:172,9,1,5
BRDA:177,10,0,0
BRDA:177,10,1,0
BRF:22
BRH:11
end_of_record
TN:
SF:src\Slide\Slide.vue
FN:50,(anonymous_0)
FN:83,(anonymous_1)
FN:92,(anonymous_2)
FN:94,(anonymous_3)
FN:98,(anonymous_4)
FN:103,(anonymous_5)
FN:107,(anonymous_6)
FN:114,(anonymous_7)
FN:120,(anonymous_8)
FN:124,(anonymous_9)
FN:129,(anonymous_10)
FN:134,(anonymous_11)
FN:139,(anonymous_12)
FN:155,(anonymous_13)
FN:159,(anonymous_14)
FN:178,(anonymous_15)
FN:182,(anonymous_16)
FN:186,(anonymous_17)
FN:187,(anonymous_18)
FN:193,(anonymous_19)
FN:197,(anonymous_20)
FN:205,(anonymous_21)
FNF:22
FNH:15
FNDA:9,(anonymous_0)
FNDA:13,(anonymous_1)
FNDA:9,(anonymous_2)
FNDA:50,(anonymous_3)
FNDA:9,(anonymous_4)
FNDA:9,(anonymous_5)
FNDA:2,(anonymous_6)
FNDA:3,(anonymous_7)
FNDA:9,(anonymous_8)
FNDA:0,(anonymous_9)
FNDA:0,(anonymous_10)
FNDA:0,(anonymous_11)
FNDA:0,(anonymous_12)
FNDA:2,(anonymous_13)
FNDA:0,(anonymous_14)
FNDA:0,(anonymous_15)
FNDA:0,(anonymous_16)
FNDA:13,(anonymous_17)
FNDA:52,(anonymous_18)
FNDA:9,(anonymous_19)
FNDA:9,(anonymous_20)
FNDA:9,(anonymous_21)
DA:51,9
DA:84,13
DA:85,13
DA:86,5
DA:93,9
DA:94,50
DA:99,9
DA:100,9
DA:104,9
DA:108,2
DA:109,2
DA:110,2
DA:111,0
DA:115,3
DA:116,0
DA:118,3
DA:121,9
DA:122,9
DA:125,0
DA:126,0
DA:130,0
DA:131,0
DA:135,0
DA:137,0
DA:140,0
DA:141,0
DA:142,0
DA:143,0
DA:145,0
DA:148,0
DA:152,0
DA:157,2
DA:159,0
DA:160,0
DA:162,0
DA:164,0
DA:167,2
DA:168,2
DA:169,2
DA:170,1
DA:171,1
DA:172,0
DA:174,1
DA:179,0
DA:183,0
DA:187,13
DA:188,52
DA:194,9
DA:198,9
DA:199,9
DA:200,9
DA:201,9
DA:202,3
DA:206,9
LF:54
LH:32
BRDA:85,0,0,5
BRDA:85,0,1,8
BRDA:99,1,0,9
BRDA:99,1,1,0
BRDA:110,2,0,0
BRDA:110,2,1,2
BRDA:115,3,0,0
BRDA:115,3,1,3
BRDA:125,4,0,0
BRDA:125,4,1,0
BRDA:130,5,0,0
BRDA:130,5,1,0
BRDA:130,6,0,0
BRDA:130,6,1,0
BRDA:142,7,0,0
BRDA:142,7,1,0
BRDA:143,8,0,0
BRDA:143,8,1,0
BRDA:157,9,0,0
BRDA:157,9,1,2
BRDA:160,10,0,0
BRDA:160,10,1,0
BRDA:164,11,0,0
BRDA:164,11,1,0
BRDA:169,12,0,1
BRDA:169,12,1,1
BRDA:171,13,0,0
BRDA:171,13,1,1
BRDA:201,14,0,3
BRDA:201,14,1,6
BRF:30
BRH:11
end_of_record
TN:
SF:src\Slide\SlideItem.vue
FN:17,(anonymous_0)
FN:30,(anonymous_1)
FN:56,(anonymous_2)
FN:57,(anonymous_3)
FNF:4
FNH:4
FNDA:32,(anonymous_0)
FNDA:52,(anonymous_1)
FNDA:32,(anonymous_2)
FNDA:36,(anonymous_3)
DA:18,32
DA:31,52
DA:33,52
DA:34,32
DA:35,32
DA:38,20
DA:39,0
DA:41,20
DA:44,20
DA:45,0
DA:46,0
DA:49,20
DA:50,4
DA:52,20
DA:58,36
DA:59,4
DA:61,32
LF:17
LH:14
BRDA:33,0,0,32
BRDA:33,0,1,20
BRDA:38,1,0,0
BRDA:38,1,1,20
BRDA:44,2,0,0
BRDA:44,2,1,20
BRDA:49,3,0,4
BRDA:49,3,1,16
BRDA:58,4,0,4
BRDA:58,4,1,32
BRF:10
BRH:8
end_of_record
TN:
SF:src\Tabs\Tabs.vue
FN:12,(anonymous_0)
FN:30,(anonymous_1)
FN:32,(anonymous_2)
FN:35,(anonymous_3)
FN:37,(anonymous_4)
FN:40,(anonymous_5)
FN:45,(anonymous_6)
FN:53,(anonymous_7)
FN:58,(anonymous_8)
FN:63,(anonymous_9)
FN:67,(anonymous_10)
FN:74,(anonymous_11)
FN:80,(anonymous_12)
FN:90,(anonymous_13)
FNF:14
FNH:13
FNDA:5,(anonymous_0)
FNDA:4,(anonymous_1)
FNDA:4,(anonymous_2)
FNDA:12,(anonymous_3)
FNDA:11,(anonymous_4)
FNDA:4,(anonymous_5)
FNDA:5,(anonymous_6)
FNDA:2,(anonymous_7)
FNDA:5,(anonymous_8)
FNDA:5,(anonymous_9)
FNDA:2,(anonymous_10)
FNDA:4,(anonymous_11)
FNDA:0,(anonymous_12)
FNDA:5,(anonymous_13)
DA:13,5
DA:31,4
DA:32,4
DA:34,4
DA:35,12
DA:37,11
DA:41,4
DA:42,4
DA:43,4
DA:46,5
DA:47,1
DA:54,2
DA:55,2
DA:59,5
DA:64,5
DA:65,4
DA:67,4
DA:69,2
DA:71,2
DA:75,4
DA:81,0
DA:82,0
DA:84,0
DA:85,0
DA:92,5
DA:93,3
DA:96,2
DA:97,2
DA:100,2
LF:29
LH:25
BRDA:37,0,0,4
BRDA:37,0,1,3
BRDA:46,1,0,1
BRDA:46,1,1,4
BRDA:81,2,0,0
BRDA:81,2,1,0
BRDA:92,3,0,3
BRDA:92,3,1,2
BRDA:96,4,0,2
BRDA:96,4,1,0
BRF:10
BRH:7
end_of_record
TN:
SF:src\Tabs\TabsBody.vue
FN:11,(anonymous_0)
FNF:1
FNH:1
FNDA:4,(anonymous_0)
DA:12,4
LF:1
LH:1
BRF:0
BRH:0
end_of_record
TN:
SF:src\Tabs\TabsHead.vue
FN:19,(anonymous_0)
FN:27,(anonymous_1)
FN:37,(anonymous_2)
FN:44,(anonymous_3)
FN:45,(anonymous_4)
FN:46,(anonymous_5)
FN:51,(anonymous_6)
FNF:7
FNH:7
FNDA:4,(anonymous_0)
FNDA:6,(anonymous_1)
FNDA:8,(anonymous_2)
FNDA:4,(anonymous_3)
FNDA:6,(anonymous_4)
FNDA:6,(anonymous_5)
FNDA:4,(anonymous_6)
DA:20,4
DA:28,6
DA:29,6
DA:30,6
DA:33,6
DA:38,8
DA:45,4
DA:46,6
DA:47,6
DA:52,4
LF:10
LH:10
BRDA:28,0,0,6
BRDA:28,0,1,0
BRDA:30,1,0,6
BRDA:30,1,1,6
BRF:4
BRH:3
end_of_record
TN:
SF:src\Tabs\TabsItem.vue
FN:17,(anonymous_0)
FN:33,(anonymous_1)
FN:42,(anonymous_2)
FN:46,(anonymous_3)
FN:47,(anonymous_4)
FN:51,(anonymous_5)
FNF:6
FNH:6
FNDA:14,(anonymous_0)
FNDA:3,(anonymous_1)
FNDA:30,(anonymous_2)
FNDA:14,(anonymous_3)
FNDA:18,(anonymous_4)
FNDA:14,(anonymous_5)
DA:18,14
DA:34,3
DA:35,1
DA:37,2
DA:38,2
DA:43,30
DA:47,14
DA:48,18
DA:52,14
LF:9
LH:9
BRDA:34,0,0,1
BRDA:34,0,1,2
BRF:2
BRH:2
end_of_record
TN:
SF:src\Tabs\TabsPane.vue
FN:16,(anonymous_0)
FN:27,(anonymous_1)
FN:28,(anonymous_2)
FN:32,(anonymous_3)
FNF:4
FNH:4
FNDA:13,(anonymous_0)
FNDA:13,(anonymous_1)
FNDA:18,(anonymous_2)
FNDA:13,(anonymous_3)
DA:17,13
DA:28,13
DA:29,18
DA:33,13
LF:4
LH:4
BRF:0
BRH:0
end_of_record
TN:
SF:tests\unit\button.spec.js
FN:11,(anonymous_0)
FN:12,(anonymous_1)
FN:16,(anonymous_2)
FN:28,(anonymous_3)
FN:36,(anonymous_4)
FN:48,(anonymous_5)
FN:62,(anonymous_6)
FN:77,(anonymous_7)
FNF:8
FNH:8
FNDA:1,(anonymous_0)
FNDA:1,(anonymous_1)
FNDA:1,(anonymous_2)
FNDA:2,(anonymous_3)
FNDA:1,(anonymous_4)
FNDA:1,(anonymous_5)
FNDA:1,(anonymous_6)
FNDA:1,(anonymous_7)
DA:8,1
DA:11,1
DA:12,1
DA:14,1
DA:16,1
DA:17,1
DA:23,1
DA:24,1
DA:25,1
DA:26,1
DA:27,1
DA:28,1
DA:29,2
DA:31,1
DA:32,1
DA:33,1
DA:36,1
DA:37,1
DA:43,1
DA:44,1
DA:45,1
DA:48,1
DA:49,1
DA:55,1
DA:56,1
DA:57,1
DA:58,1
DA:59,1
DA:62,1
DA:63,1
DA:70,1
DA:71,1
DA:72,1
DA:73,1
DA:74,1
DA:77,1
DA:78,1
DA:84,1
DA:85,1
DA:86,1
DA:87,1
DA:88,1
DA:89,1
DA:90,1
LF:44
LH:44
BRF:0
BRH:0
end_of_record
TN:
SF:tests\unit\col.spec.js
FN:6,(anonymous_0)
FN:7,(anonymous_1)
FN:10,(anonymous_2)
FN:22,(anonymous_3)
FN:34,(anonymous_4)
FN:47,(anonymous_5)
FN:60,(anonymous_6)
FN:73,(anonymous_7)
FN:86,(anonymous_8)
FN:99,(anonymous_9)
FNF:10
FNH:10
FNDA:1,(anonymous_0)
FNDA:1,(anonymous_1)
FNDA:1,(anonymous_2)
FNDA:1,(anonymous_3)
FNDA:1,(anonymous_4)
FNDA:1,(anonymous_5)
FNDA:1,(anonymous_6)
FNDA:1,(anonymous_7)
FNDA:1,(anonymous_8)
FNDA:1,(anonymous_9)
DA:6,1
DA:7,1
DA:8,1
DA:10,1
DA:11,1
DA:17,1
DA:18,1
DA:19,1
DA:22,1
DA:23,1
DA:29,1
DA:30,1
DA:31,1
DA:34,1
DA:35,1
DA:41,1
DA:42,1
DA:43,1
DA:44,1
DA:47,1
DA:48,1
DA:54,1
DA:55,1
DA:56,1
DA:57,1
DA:60,1
DA:61,1
DA:67,1
DA:68,1
DA:69,1
DA:70,1
DA:73,1
DA:74,1
DA:80,1
DA:81,1
DA:82,1
DA:83,1
DA:86,1
DA:87,1
DA:93,1
DA:94,1
DA:95,1
DA:96,1
DA:99,1
DA:100,1
DA:106,1
DA:107,1
DA:108,1
DA:109,1
LF:49
LH:49
BRF:0
BRH:0
end_of_record
TN:
SF:tests\unit\collapse.spec.js
FN:16,(anonymous_0)
FN:17,(anonymous_1)
FN:21,(anonymous_2)
FN:22,(anonymous_3)
FN:36,(anonymous_4)
FN:43,(anonymous_5)
FN:61,(anonymous_6)
FN:70,(anonymous_7)
FN:91,(anonymous_8)
FNF:9
FNH:9
FNDA:1,(anonymous_0)
FNDA:1,(anonymous_1)
FNDA:1,(anonymous_2)
FNDA:1,(anonymous_3)
FNDA:1,(anonymous_4)
FNDA:1,(anonymous_5)
FNDA:1,(anonymous_6)
FNDA:1,(anonymous_7)
FNDA:1,(anonymous_8)
DA:11,1
DA:13,1
DA:14,1
DA:16,1
DA:17,1
DA:18,1
DA:21,1
DA:22,1
DA:23,1
DA:35,1
DA:36,1
DA:37,1
DA:38,1
DA:39,1
DA:43,1
DA:44,1
DA:57,1
DA:58,1
DA:59,1
DA:60,1
DA:61,1
DA:63,1
DA:64,1
DA:65,1
DA:70,1
DA:71,1
DA:72,1
DA:87,1
DA:88,1
DA:89,1
DA:90,1
DA:91,1
DA:92,1
DA:93,1
LF:34
LH:34
BRF:0
BRH:0
end_of_record
TN:
SF:tests\unit\input.spec.js
FN:10,(anonymous_0)
FN:11,(anonymous_1)
FN:15,(anonymous_2)
FN:16,(anonymous_3)
FN:29,(anonymous_4)
FN:42,(anonymous_5)
FN:55,(anonymous_6)
FN:66,(anonymous_7)
FN:74,(anonymous_8)
FN:89,(anonymous_9)
FN:90,(anonymous_10)
FN:107,(anonymous_11)
FN:123,(anonymous_12)
FN:139,(anonymous_13)
FN:155,(anonymous_14)
FNF:15
FNH:15
FNDA:1,(anonymous_0)
FNDA:1,(anonymous_1)
FNDA:1,(anonymous_2)
FNDA:1,(anonymous_3)
FNDA:1,(anonymous_4)
FNDA:1,(anonymous_5)
FNDA:1,(anonymous_6)
FNDA:1,(anonymous_7)
FNDA:1,(anonymous_8)
FNDA:1,(anonymous_9)
FNDA:1,(anonymous_10)
FNDA:1,(anonymous_11)
FNDA:1,(anonymous_12)
FNDA:1,(anonymous_13)
FNDA:1,(anonymous_14)
DA:8,1
DA:10,1
DA:11,1
DA:12,1
DA:15,1
DA:16,1
DA:17,1
DA:23,1
DA:24,1
DA:25,1
DA:26,1
DA:29,1
DA:30,1
DA:36,1
DA:37,1
DA:38,1
DA:39,1
DA:42,1
DA:43,1
DA:49,1
DA:50,1
DA:51,1
DA:52,1
DA:55,1
DA:56,1
DA:62,1
DA:63,1
DA:64,1
DA:65,1
DA:66,1
DA:67,1
DA:69,1
DA:70,1
DA:71,1
DA:74,1
DA:75,1
DA:82,1
DA:83,1
DA:84,1
DA:85,1
DA:89,1
DA:90,1
DA:91,1
DA:92,1
DA:98,1
DA:99,1
DA:101,1
DA:102,1
DA:103,1
DA:104,1
DA:107,1
DA:108,1
DA:109,1
DA:115,1
DA:116,1
DA:117,1
DA:118,1
DA:119,1
DA:120,1
DA:123,1
DA:124,1
DA:125,1
DA:131,1
DA:132,1
DA:133,1
DA:134,1
DA:135,1
DA:136,1
DA:139,1
DA:140,1
DA:141,1
DA:147,1
DA:148,1
DA:149,1
DA:150,1
DA:151,1
DA:152,1
DA:155,1
DA:156,1
DA:157,1
DA:166,1
DA:167,1
DA:168,1
DA:169,1
DA:170,1
LF:85
LH:85
BRF:0
BRH:0
end_of_record
TN:
SF:tests\unit\menu.spec.js
FN:17,(anonymous_0)
FN:18,(anonymous_1)
FN:22,(anonymous_2)
FN:40,(anonymous_3)
FN:46,(anonymous_4)
FN:73,(anonymous_5)
FN:94,(anonymous_6)
FN:118,(anonymous_7)
FN:143,(anonymous_8)
FN:164,(anonymous_9)
FN:170,(anonymous_10)
FN:192,(anonymous_11)
FN:195,(anonymous_12)
FNF:13
FNH:13
FNDA:1,(anonymous_0)
FNDA:1,(anonymous_1)
FNDA:1,(anonymous_2)
FNDA:1,(anonymous_3)
FNDA:1,(anonymous_4)
FNDA:1,(anonymous_5)
FNDA:1,(anonymous_6)
FNDA:1,(anonymous_7)
FNDA:1,(anonymous_8)
FNDA:1,(anonymous_9)
FNDA:1,(anonymous_10)
FNDA:1,(anonymous_11)
FNDA:1,(anonymous_12)
DA:12,1
DA:14,1
DA:15,1
DA:17,1
DA:18,1
DA:19,1
DA:22,1
DA:23,1
DA:39,1
DA:40,1
DA:41,1
DA:42,1
DA:46,1
DA:47,1
DA:48,1
DA:64,1
DA:65,1
DA:66,1
DA:67,1
DA:68,1
DA:69,1
DA:70,1
DA:73,1
DA:74,1
DA:90,1
DA:91,1
DA:94,1
DA:95,1
DA:112,1
DA:113,1
DA:114,1
DA:115,1
DA:118,1
DA:119,1
DA:120,1
DA:136,1
DA:137,1
DA:138,1
DA:139,1
DA:140,1
DA:143,1
DA:144,1
DA:145,1
DA:161,1
DA:162,1
DA:163,1
DA:164,1
DA:165,1
DA:166,1
DA:170,1
DA:171,1
DA:172,1
DA:188,1
DA:189,1
DA:190,1
DA:191,1
DA:193,1
DA:196,1
DA:197,1
LF:59
LH:59
BRF:0
BRH:0
end_of_record
TN:
SF:tests\unit\popover.spec.js
FN:10,(anonymous_0)
FN:11,(anonymous_1)
FN:15,(anonymous_2)
FN:24,(anonymous_3)
FN:30,(anonymous_4)
FN:47,(anonymous_5)
FN:69,(anonymous_6)
FN:74,(anonymous_7)
FN:83,(anonymous_8)
FN:98,(anonymous_9)
FNF:10
FNH:10
FNDA:1,(anonymous_0)
FNDA:1,(anonymous_1)
FNDA:1,(anonymous_2)
FNDA:1,(anonymous_3)
FNDA:1,(anonymous_4)
FNDA:1,(anonymous_5)
FNDA:1,(anonymous_6)
FNDA:1,(anonymous_7)
FNDA:1,(anonymous_8)
FNDA:1,(anonymous_9)
DA:8,1
DA:10,1
DA:11,1
DA:12,1
DA:15,1
DA:16,1
DA:22,1
DA:23,1
DA:24,1
DA:25,1
DA:26,1
DA:30,1
DA:31,1
DA:41,1
DA:43,1
DA:44,1
DA:47,1
DA:48,1
DA:49,1
DA:50,1
DA:60,1
DA:61,1
DA:62,1
DA:63,1
DA:64,1
DA:65,1
DA:67,1
DA:69,1
DA:70,1
DA:71,1
DA:73,1
DA:74,1
DA:75,1
DA:76,1
DA:77,1
DA:78,1
DA:83,1
DA:84,1
DA:85,1
DA:95,1
DA:96,1
DA:97,1
DA:98,1
DA:99,1
DA:100,1
LF:45
LH:45
BRF:0
BRH:0
end_of_record
TN:
SF:tests\unit\row.spec.js
FN:7,(anonymous_0)
FN:8,(anonymous_1)
FN:11,(anonymous_2)
FN:32,(anonymous_3)
FNF:4
FNH:4
FNDA:1,(anonymous_0)
FNDA:1,(anonymous_1)
FNDA:1,(anonymous_2)
FNDA:1,(anonymous_3)
DA:7,1
DA:8,1
DA:9,1
DA:11,1
DA:12,1
DA:21,1
DA:22,1
DA:23,1
DA:24,1
DA:25,1
DA:26,1
DA:27,1
DA:28,1
DA:29,1
DA:32,1
DA:33,1
DA:39,1
DA:40,1
DA:41,1
LF:19
LH:19
BRF:0
BRH:0
end_of_record
TN:
SF:tests\unit\sider.spec.js
FN:10,(anonymous_0)
FN:11,(anonymous_1)
FN:15,(anonymous_2)
FN:28,(anonymous_3)
FN:41,(anonymous_4)
FN:53,(anonymous_5)
FN:67,(anonymous_6)
FN:81,(anonymous_7)
FNF:8
FNH:8
FNDA:1,(anonymous_0)
FNDA:1,(anonymous_1)
FNDA:1,(anonymous_2)
FNDA:1,(anonymous_3)
FNDA:1,(anonymous_4)
FNDA:1,(anonymous_5)
FNDA:1,(anonymous_6)
FNDA:1,(anonymous_7)
DA:8,1
DA:10,1
DA:11,1
DA:12,1
DA:15,1
DA:16,1
DA:22,1
DA:23,1
DA:24,1
DA:25,1
DA:28,1
DA:29,1
DA:35,1
DA:36,1
DA:37,1
DA:38,1
DA:41,1
DA:42,1
DA:48,1
DA:49,1
DA:50,1
DA:53,1
DA:54,1
DA:61,1
DA:62,1
DA:63,1
DA:64,1
DA:67,1
DA:68,1
DA:75,1
DA:76,1
DA:77,1
DA:78,1
DA:81,1
DA:82,1
DA:83,1
DA:92,1
DA:93,1
DA:94,1
DA:95,1
DA:96,1
LF:41
LH:41
BRF:0
BRH:0
end_of_record
TN:
SF:tests\unit\slide.spec.js
FN:15,(anonymous_0)
FN:16,(anonymous_1)
FN:20,(anonymous_2)
FN:40,(anonymous_3)
FN:47,(anonymous_4)
FN:74,(anonymous_5)
FN:81,(anonymous_6)
FN:110,(anonymous_7)
FN:113,(anonymous_8)
FN:119,(anonymous_9)
FN:148,(anonymous_10)
FN:151,(anonymous_11)
FN:157,(anonymous_12)
FN:185,(anonymous_13)
FN:189,(anonymous_14)
FN:195,(anonymous_15)
FN:208,(anonymous_16)
FN:236,(anonymous_17)
FN:243,(anonymous_18)
FN:268,(anonymous_19)
FN:274,(anonymous_20)
FN:299,(anonymous_21)
FNF:22
FNH:22
FNDA:1,(anonymous_0)
FNDA:1,(anonymous_1)
FNDA:1,(anonymous_2)
FNDA:1,(anonymous_3)
FNDA:1,(anonymous_4)
FNDA:1,(anonymous_5)
FNDA:1,(anonymous_6)
FNDA:1,(anonymous_7)
FNDA:1,(anonymous_8)
FNDA:1,(anonymous_9)
FNDA:1,(anonymous_10)
FNDA:1,(anonymous_11)
FNDA:1,(anonymous_12)
FNDA:1,(anonymous_13)
FNDA:1,(anonymous_14)
FNDA:1,(anonymous_15)
FNDA:1,(anonymous_16)
FNDA:1,(anonymous_17)
FNDA:1,(anonymous_18)
FNDA:1,(anonymous_19)
FNDA:1,(anonymous_20)
FNDA:1,(anonymous_21)
DA:11,1
DA:13,1
DA:15,1
DA:16,1
DA:17,1
DA:20,1
DA:21,1
DA:39,1
DA:40,1
DA:41,1
DA:42,1
DA:43,1
DA:47,1
DA:48,1
DA:49,1
DA:73,1
DA:74,1
DA:75,1
DA:76,1
DA:77,1
DA:81,1
DA:82,1
DA:83,1
DA:107,1
DA:108,1
DA:109,1
DA:111,1
DA:114,1
DA:115,1
DA:119,1
DA:120,1
DA:121,1
DA:145,1
DA:146,1
DA:147,1
DA:149,1
DA:152,1
DA:153,1
DA:157,1
DA:158,1
DA:159,1
DA:183,1
DA:184,1
DA:186,1
DA:187,1
DA:190,1
DA:191,1
DA:195,1
DA:196,1
DA:203,1
DA:204,1
DA:205,1
DA:208,1
DA:209,1
DA:210,1
DA:234,1
DA:235,1
DA:236,1
DA:237,1
DA:238,1
DA:239,1
DA:243,1
DA:244,1
DA:266,1
DA:267,1
DA:268,1
DA:269,1
DA:270,1
DA:274,1
DA:275,1
DA:297,1
DA:298,1
DA:299,1
DA:300,1
DA:301,1
DA:302,1
LF:76
LH:76
BRF:0
BRH:0
end_of_record
TN:
SF:tests\unit\tabs-body.spec.js
FN:5,(anonymous_0)
FN:6,(anonymous_1)
FNF:2
FNH:2
FNDA:1,(anonymous_0)
FNDA:1,(anonymous_1)
DA:5,1
DA:6,1
DA:7,1
LF:3
LH:3
BRF:0
BRH:0
end_of_record
TN:
SF:tests\unit\tabs-head.spec.js
FN:5,(anonymous_0)
FN:6,(anonymous_1)
FNF:2
FNH:2
FNDA:1,(anonymous_0)
FNDA:1,(anonymous_1)
DA:5,1
DA:6,1
DA:7,1
LF:3
LH:3
BRF:0
BRH:0
end_of_record
TN:
SF:tests\unit\tabs-item.spec.js
FN:10,(anonymous_0)
FN:11,(anonymous_1)
FN:15,(anonymous_2)
FN:27,(anonymous_3)
FNF:4
FNH:4
FNDA:1,(anonymous_0)
FNDA:1,(anonymous_1)
FNDA:1,(anonymous_2)
FNDA:1,(anonymous_3)
DA:8,1
DA:10,1
DA:11,1
DA:12,1
DA:15,1
DA:16,1
DA:22,1
DA:23,1
DA:24,1
DA:27,1
DA:28,1
DA:34,1
DA:35,1
DA:36,1
DA:37,1
DA:38,1
DA:39,1
DA:40,1
LF:18
LH:18
BRF:0
BRH:0
end_of_record
TN:
SF:tests\unit\tabs-pane.spec.js
FN:6,(anonymous_0)
FN:7,(anonymous_1)
FN:10,(anonymous_2)
FNF:3
FNH:3
FNDA:1,(anonymous_0)
FNDA:1,(anonymous_1)
FNDA:1,(anonymous_2)
DA:6,1
DA:7,1
DA:8,1
DA:10,1
DA:11,1
DA:17,1
DA:18,1
DA:19,1
LF:8
LH:8
BRF:0
BRH:0
end_of_record
TN:
SF:tests\unit\tabs.spec.js
FN:25,(anonymous_0)
FN:26,(anonymous_1)
FN:30,(anonymous_2)
FN:32,(anonymous_3)
FN:39,(anonymous_4)
FN:58,(anonymous_5)
FN:64,(anonymous_6)
FN:86,(anonymous_7)
FN:92,(anonymous_8)
FN:116,(anonymous_9)
FN:119,(anonymous_10)
FN:125,(anonymous_11)
FN:149,(anonymous_12)
FN:152,(anonymous_13)
FNF:14
FNH:14
FNDA:1,(anonymous_0)
FNDA:1,(anonymous_1)
FNDA:1,(anonymous_2)
FNDA:1,(anonymous_3)
FNDA:1,(anonymous_4)
FNDA:1,(anonymous_5)
FNDA:1,(anonymous_6)
FNDA:1,(anonymous_7)
FNDA:1,(anonymous_8)
FNDA:1,(anonymous_9)
FNDA:1,(anonymous_10)
FNDA:1,(anonymous_11)
FNDA:1,(anonymous_12)
FNDA:1,(anonymous_13)
DA:14,1
DA:16,1
DA:17,1
DA:19,1
DA:20,1
DA:21,1
DA:22,1
DA:23,1
DA:25,1
DA:26,1
DA:27,1
DA:30,1
DA:32,1
DA:33,1
DA:39,1
DA:40,1
DA:56,1
DA:57,1
DA:58,1
DA:59,1
DA:60,1
DA:64,1
DA:65,1
DA:84,1
DA:85,1
DA:86,1
DA:87,1
DA:88,1
DA:92,1
DA:93,1
DA:94,1
DA:113,1
DA:114,1
DA:115,1
DA:117,1
DA:120,1
DA:121,1
DA:125,1
DA:126,1
DA:127,1
DA:146,1
DA:147,1
DA:148,1
DA:150,1
DA:153,1
DA:154,1
LF:46
LH:46
BRF:0
BRH:0
end_of_record
TN:
SF:tests\unit\toast.spec.js
FN:10,(anonymous_0)
FN:11,(anonymous_1)
FN:15,(anonymous_2)
FN:16,(anonymous_3)
FN:29,(anonymous_4)
FN:39,(anonymous_5)
FN:47,(anonymous_6)
FN:55,(anonymous_7)
FN:62,(anonymous_8)
FN:76,(anonymous_9)
FN:88,(anonymous_10)
FN:110,(anonymous_11)
FNF:12
FNH:12
FNDA:1,(anonymous_0)
FNDA:1,(anonymous_1)
FNDA:1,(anonymous_2)
FNDA:1,(anonymous_3)
FNDA:1,(anonymous_4)
FNDA:1,(anonymous_5)
FNDA:1,(anonymous_6)
FNDA:1,(anonymous_7)
FNDA:1,(anonymous_8)
FNDA:1,(anonymous_9)
FNDA:1,(anonymous_10)
FNDA:1,(anonymous_11)
DA:8,1
DA:10,1
DA:11,1
DA:12,1
DA:15,1
DA:16,1
DA:17,1
DA:23,1
DA:24,1
DA:25,1
DA:26,1
DA:29,1
DA:31,1
DA:32,1
DA:38,1
DA:39,1
DA:40,1
DA:41,1
DA:42,1
DA:47,1
DA:48,1
DA:54,1
DA:55,1
DA:56,1
DA:57,1
DA:58,1
DA:62,1
DA:63,1
DA:69,1
DA:70,1
DA:71,1
DA:72,1
DA:73,1
DA:76,1
DA:77,1
DA:83,1
DA:84,1
DA:85,1
DA:88,1
DA:89,1
DA:90,1
DA:100,1
DA:101,1
DA:102,1
DA:103,1
DA:104,1
DA:106,1
DA:107,1
DA:110,1
DA:111,1
DA:112,1
DA:113,1
DA:119,1
DA:120,1
DA:121,1
DA:122,1
DA:123,1
DA:124,1
DA:125,1
LF:59
LH:59
BRF:0
BRH:0
end_of_record
